<?xml version="1.0" encoding="UTF-8"?>
<!-- Generated by org.testng.reporters.JUnitReportReporter -->
<testsuite skipped="0" hostname="Hetal-Chirag" name="OrangeHrm.TestSuit" tests="2" failures="0" timestamp="21 Jun 2019 10:10:31 GMT" time="23.129" errors="0">
  <testcase name="openBrowser" time="10.846" classname="OrangeHrm.TestSuit"/>
  <testcase name="userLoginSuccessfully" time="12.283" classname="OrangeHrm.TestSuit"/>
</testsuite> <!-- OrangeHrm.TestSuit -->
